d:\luna\document\visual studio 2015\projects\vrengine\vrengine\debug\vc140.pdb
d:\luna\document\visual studio 2015\projects\vrengine\vrengine\debug\vc140.idb
d:\luna\document\visual studio 2015\projects\vrengine\vrengine\debug\2dmain.obj
d:\luna\document\visual studio 2015\projects\vrengine\vrengine\debug\assetmanager.obj
d:\luna\document\visual studio 2015\projects\vrengine\vrengine\debug\main.obj
d:\luna\document\visual studio 2015\projects\vrengine\vrengine\debug\redirectioncontroller.obj
d:\luna\document\visual studio 2015\projects\vrengine\vrengine\debug\vrdriver.obj
d:\luna\document\visual studio 2015\projects\vrengine\vrengine\debug\scene.obj
d:\luna\document\visual studio 2015\projects\vrengine\vrengine\debug\mywindow.obj
d:\luna\document\visual studio 2015\projects\vrengine\vrengine\debug\object.obj
d:\luna\document\visual studio 2015\projects\vrengine\vrengine\debug\2dscene.obj
d:\luna\vrengine\vrengine\debug\vc140.pdb
d:\luna\vrengine\vrengine\debug\vc140.idb
d:\luna\vrengine\vrengine\debug\assetmanager.obj
d:\luna\vrengine\vrengine\debug\mywindow.obj
d:\luna\vrengine\vrengine\debug\object.obj
d:\luna\vrengine\vrengine\debug\2dscene.obj
d:\luna\vrengine\vrengine\debug\scene.obj
d:\luna\vrengine\vrengine\debug\vrdriver.obj
d:\luna\vrengine\vrengine\debug\main.obj
d:\luna\document\visual studio 2015\projects\vrengine\debug\vrengine.ilk
d:\luna\document\visual studio 2015\projects\vrengine\debug\vrengine.exe
d:\luna\document\visual studio 2015\projects\vrengine\debug\vrengine.pdb
d:\luna\vrengine\debug\vrengine.ilk
d:\luna\vrengine\debug\vrengine.exe
d:\luna\vrengine\debug\vrengine.pdb
d:\luna\vrengine\vrengine\debug\2dmain.obj
d:\luna\vrengine\vrengine\debug\redirectioncontroller.obj
d:\luna\vrengine\vrengine\debug\vrengine.tlog\cl.command.1.tlog
d:\luna\vrengine\vrengine\debug\vrengine.tlog\cl.read.1.tlog
d:\luna\vrengine\vrengine\debug\vrengine.tlog\cl.write.1.tlog
d:\luna\vrengine\vrengine\debug\vrengine.tlog\link.command.1.tlog
d:\luna\vrengine\vrengine\debug\vrengine.tlog\link.read.1.tlog
d:\luna\vrengine\vrengine\debug\vrengine.tlog\link.write.1.tlog
